
Gurobi 9.5.2 (win64) logging started Tue Oct 31 19:11:54 2023

Set parameter LogFile to value "/Users/Andrew/OneDrive - GIST/Code/Graduation/two-stage PC by CCG/SP_dual_MILP_start_MIPFocus_0.log"
Set parameter Threads to value 1
Gurobi Optimizer version 9.5.2 build v9.5.2rc0 (win64)
Thread count: 8 physical cores, 16 logical processors, using up to 1 threads
Optimize a model with 8552 rows, 4039 columns and 26274 nonzeros
Model fingerprint: 0x17a7e943
Coefficient statistics:
  Matrix range     [1e-04, 8e+01]
  Objective range  [1e-04, 5e+02]
  Bounds range     [1e+00, 1e+00]
  RHS range        [2e-02, 2e+02]
Presolve removed 2703 rows and 528 columns
Presolve time: 0.01s
Presolved: 5849 rows, 3632 columns, 17683 nonzeros

Iteration    Objective       Primal Inf.    Dual Inf.      Time
       0      handle free variables                          0s
    1664    9.4014633e+05   0.000000e+00   0.000000e+00      0s

Solved in 1664 iterations and 0.03 seconds (0.04 work units)
Optimal objective  9.401463293e+05

Gurobi 9.5.2 (win64) logging started Thu Nov  9 15:24:22 2023

Set parameter LogFile to value "/Users/Andrew/OneDrive - GIST/Code/Graduation/two-stage PC by CCG_ver2/SP_dual_MILP_start_MIPFocus_0.log"
Set parameter Threads to value 1
Gurobi Optimizer version 9.5.2 build v9.5.2rc0 (win64)
Thread count: 8 physical cores, 16 logical processors, using up to 1 threads
Optimize a model with 3460 rows, 1924 columns and 9116 nonzeros
Model fingerprint: 0x070224ec
Coefficient statistics:
  Matrix range     [1e-04, 8e+01]
  Objective range  [1e-04, 5e+02]
  Bounds range     [1e+00, 1e+00]
  RHS range        [2e-02, 3e+02]
Presolve removed 1415 rows and 478 columns
PREDUAL: degen ratio adjusted to 1.5 for predual
Presolve time: 0.01s
Presolved: 2045 rows, 1446 columns, 6629 nonzeros

Iteration    Objective       Primal Inf.    Dual Inf.      Time
       0      handle free variables                          0s
     407    1.0302747e+06   0.000000e+00   0.000000e+00      0s

Solved in 407 iterations and 0.01 seconds (0.01 work units)
Optimal objective  1.030274749e+06
IIS runtime: 0.00 seconds (0.00 work units)

Gurobi 9.5.2 (win64) logging started Thu Nov  9 15:27:44 2023

Set parameter LogFile to value "/Users/Andrew/OneDrive - GIST/Code/Graduation/two-stage PC by CCG_ver2/SP_dual_MILP_start_MIPFocus_0.log"
Set parameter Threads to value 1
Gurobi Optimizer version 9.5.2 build v9.5.2rc0 (win64)
Thread count: 8 physical cores, 16 logical processors, using up to 1 threads
Optimize a model with 3460 rows, 1924 columns and 9116 nonzeros
Model fingerprint: 0x070224ec
Coefficient statistics:
  Matrix range     [1e-04, 8e+01]
  Objective range  [1e-04, 5e+02]
  Bounds range     [1e+00, 1e+00]
  RHS range        [2e-02, 3e+02]
Presolve removed 1415 rows and 478 columns
PREDUAL: degen ratio adjusted to 1.5 for predual
Presolve time: 0.01s
Presolved: 2045 rows, 1446 columns, 6629 nonzeros

Iteration    Objective       Primal Inf.    Dual Inf.      Time
       0      handle free variables                          0s
     407    1.0302747e+06   0.000000e+00   0.000000e+00      0s

Solved in 407 iterations and 0.02 seconds (0.01 work units)
Optimal objective  1.030274749e+06

Gurobi 9.5.2 (win64) logging started Thu Nov  9 15:28:13 2023

Set parameter LogFile to value "/Users/Andrew/OneDrive - GIST/Code/Graduation/two-stage PC by CCG_ver2/SP_dual_MILP_start_MIPFocus_0.log"
Set parameter Threads to value 1
Gurobi Optimizer version 9.5.2 build v9.5.2rc0 (win64)
Thread count: 8 physical cores, 16 logical processors, using up to 1 threads
Optimize a model with 3460 rows, 1924 columns and 9116 nonzeros
Model fingerprint: 0x070224ec
Coefficient statistics:
  Matrix range     [1e-04, 8e+01]
  Objective range  [1e-04, 5e+02]
  Bounds range     [1e+00, 1e+00]
  RHS range        [2e-02, 3e+02]
Presolve removed 1415 rows and 478 columns
PREDUAL: degen ratio adjusted to 1.5 for predual
Presolve time: 0.01s
Presolved: 2045 rows, 1446 columns, 6629 nonzeros

Iteration    Objective       Primal Inf.    Dual Inf.      Time
       0      handle free variables                          0s
     407    1.0302747e+06   0.000000e+00   0.000000e+00      0s

Solved in 407 iterations and 0.01 seconds (0.01 work units)
Optimal objective  1.030274749e+06

Gurobi 9.5.2 (win64) logging started Thu Nov  9 15:28:27 2023

Set parameter LogFile to value "/Users/Andrew/OneDrive - GIST/Code/Graduation/two-stage PC by CCG_ver2/SP_dual_MILP_start_MIPFocus_0.log"
Set parameter Threads to value 1
Gurobi Optimizer version 9.5.2 build v9.5.2rc0 (win64)
Thread count: 8 physical cores, 16 logical processors, using up to 1 threads
Optimize a model with 3460 rows, 1924 columns and 9116 nonzeros
Model fingerprint: 0x070224ec
Coefficient statistics:
  Matrix range     [1e-04, 8e+01]
  Objective range  [1e-04, 5e+02]
  Bounds range     [1e+00, 1e+00]
  RHS range        [2e-02, 3e+02]
Presolve removed 1415 rows and 478 columns
PREDUAL: degen ratio adjusted to 1.5 for predual
Presolve time: 0.01s
Presolved: 2045 rows, 1446 columns, 6629 nonzeros

Iteration    Objective       Primal Inf.    Dual Inf.      Time
       0      handle free variables                          0s
     407    1.0302747e+06   0.000000e+00   0.000000e+00      0s

Solved in 407 iterations and 0.02 seconds (0.01 work units)
Optimal objective  1.030274749e+06

Gurobi 9.5.2 (win64) logging started Thu Nov  9 15:29:27 2023

Set parameter LogFile to value "/Users/Andrew/OneDrive - GIST/Code/Graduation/two-stage PC by CCG_ver2/SP_dual_MILP_start_MIPFocus_0.log"
Set parameter Threads to value 1
Gurobi Optimizer version 9.5.2 build v9.5.2rc0 (win64)
Thread count: 8 physical cores, 16 logical processors, using up to 1 threads
Optimize a model with 3460 rows, 1924 columns and 9116 nonzeros
Model fingerprint: 0x070224ec
Coefficient statistics:
  Matrix range     [1e-04, 8e+01]
  Objective range  [1e-04, 5e+02]
  Bounds range     [1e+00, 1e+00]
  RHS range        [2e-02, 3e+02]
Presolve removed 1415 rows and 478 columns
PREDUAL: degen ratio adjusted to 1.5 for predual
Presolve time: 0.01s
Presolved: 2045 rows, 1446 columns, 6629 nonzeros

Iteration    Objective       Primal Inf.    Dual Inf.      Time
       0      handle free variables                          0s
     407    1.0302747e+06   0.000000e+00   0.000000e+00      0s

Solved in 407 iterations and 0.01 seconds (0.01 work units)
Optimal objective  1.030274749e+06

Gurobi 9.5.2 (win64) logging started Thu Nov  9 15:29:53 2023

Set parameter LogFile to value "/Users/Andrew/OneDrive - GIST/Code/Graduation/two-stage PC by CCG_ver2/SP_dual_MILP_start_MIPFocus_0.log"
Set parameter Threads to value 1
Gurobi Optimizer version 9.5.2 build v9.5.2rc0 (win64)
Thread count: 8 physical cores, 16 logical processors, using up to 1 threads
Optimize a model with 3460 rows, 1924 columns and 9116 nonzeros
Model fingerprint: 0x070224ec
Coefficient statistics:
  Matrix range     [1e-04, 8e+01]
  Objective range  [1e-04, 5e+02]
  Bounds range     [1e+00, 1e+00]
  RHS range        [2e-02, 3e+02]
Presolve removed 1415 rows and 478 columns
PREDUAL: degen ratio adjusted to 1.5 for predual
Presolve time: 0.01s
Presolved: 2045 rows, 1446 columns, 6629 nonzeros

Iteration    Objective       Primal Inf.    Dual Inf.      Time
       0      handle free variables                          0s
     407    1.0302747e+06   0.000000e+00   0.000000e+00      0s

Solved in 407 iterations and 0.01 seconds (0.01 work units)
Optimal objective  1.030274749e+06

Gurobi 9.5.2 (win64) logging started Thu Nov  9 15:32:18 2023

Set parameter LogFile to value "/Users/Andrew/OneDrive - GIST/Code/Graduation/two-stage PC by CCG_ver2/SP_dual_MILP_start_MIPFocus_0.log"
Set parameter Threads to value 1
Gurobi Optimizer version 9.5.2 build v9.5.2rc0 (win64)
Thread count: 8 physical cores, 16 logical processors, using up to 1 threads
Optimize a model with 3460 rows, 1924 columns and 9116 nonzeros
Model fingerprint: 0x070224ec
Coefficient statistics:
  Matrix range     [1e-04, 8e+01]
  Objective range  [1e-04, 5e+02]
  Bounds range     [1e+00, 1e+00]
  RHS range        [2e-02, 3e+02]
Presolve removed 1415 rows and 478 columns
PREDUAL: degen ratio adjusted to 1.5 for predual
Presolve time: 0.01s
Presolved: 2045 rows, 1446 columns, 6629 nonzeros

Iteration    Objective       Primal Inf.    Dual Inf.      Time
       0      handle free variables                          0s
     407    1.0302747e+06   0.000000e+00   0.000000e+00      0s

Solved in 407 iterations and 0.01 seconds (0.01 work units)
Optimal objective  1.030274749e+06

Gurobi 9.5.2 (win64) logging started Tue Nov 14 22:18:27 2023

Set parameter LogFile to value "/Users/Andrew/OneDrive - GIST/Code/Graduation/two-stage PC by CCG_ver4/SP_dual_MILP_start_MIPFocus_0.log"
Set parameter Threads to value 1
Gurobi Optimizer version 9.5.2 build v9.5.2rc0 (win64)
Thread count: 8 physical cores, 16 logical processors, using up to 1 threads
Optimize a model with 6152 rows, 3079 columns and 18894 nonzeros
Model fingerprint: 0xc08f133f
Coefficient statistics:
  Matrix range     [1e-04, 8e+01]
  Objective range  [1e-04, 5e+02]
  Bounds range     [1e+00, 1e+00]
  RHS range        [1e-01, 3e+02]
Presolve removed 2078 rows and 479 columns
Presolve time: 0.01s
Presolved: 4074 rows, 2695 columns, 12538 nonzeros

Iteration    Objective       Primal Inf.    Dual Inf.      Time
       0      handle free variables                          0s
     751    1.0482944e+06   0.000000e+00   0.000000e+00      0s

Solved in 751 iterations and 0.02 seconds (0.02 work units)
Optimal objective  1.048294433e+06

Gurobi 9.5.2 (win64) logging started Wed Nov 15 09:39:44 2023

Set parameter LogFile to value "/Users/Andrew/OneDrive - GIST/Code/Graduation/two-stage PC by CCG_ver4/SP_dual_MILP_start_MIPFocus_0.log"
Set parameter Threads to value 1
Gurobi Optimizer version 9.5.2 build v9.5.2rc0 (win64)
Thread count: 8 physical cores, 16 logical processors, using up to 1 threads
Optimize a model with 6152 rows, 3079 columns and 18894 nonzeros
Model fingerprint: 0x0759f8bc
Coefficient statistics:
  Matrix range     [1e-04, 8e+01]
  Objective range  [1e-04, 5e+02]
  Bounds range     [1e+00, 1e+00]
  RHS range        [1e-01, 3e+02]
Presolve removed 2079 rows and 481 columns
Presolve time: 0.01s
Presolved: 4073 rows, 2693 columns, 12532 nonzeros

Iteration    Objective       Primal Inf.    Dual Inf.      Time
       0      handle free variables                          0s
    1004    1.0482944e+06   0.000000e+00   0.000000e+00      0s

Solved in 1004 iterations and 0.02 seconds (0.02 work units)
Optimal objective  1.048294433e+06

Gurobi 9.5.2 (win64) logging started Wed Nov 15 09:42:05 2023

Set parameter LogFile to value "/Users/Andrew/OneDrive - GIST/Code/Graduation/two-stage PC by CCG_ver4/SP_dual_MILP_start_MIPFocus_0.log"
Set parameter Threads to value 1
Gurobi Optimizer version 9.5.2 build v9.5.2rc0 (win64)
Thread count: 8 physical cores, 16 logical processors, using up to 1 threads
Optimize a model with 6152 rows, 3079 columns and 18894 nonzeros
Model fingerprint: 0x0759f8bc
Coefficient statistics:
  Matrix range     [1e-04, 8e+01]
  Objective range  [1e-04, 5e+02]
  Bounds range     [1e+00, 1e+00]
  RHS range        [1e-01, 3e+02]
Presolve removed 2079 rows and 481 columns
Presolve time: 0.01s
Presolved: 4073 rows, 2693 columns, 12532 nonzeros

Iteration    Objective       Primal Inf.    Dual Inf.      Time
       0      handle free variables                          0s
    1004    1.0482944e+06   0.000000e+00   0.000000e+00      0s

Solved in 1004 iterations and 0.02 seconds (0.02 work units)
Optimal objective  1.048294433e+06

Gurobi 9.5.2 (win64) logging started Wed Nov 15 09:42:14 2023

Set parameter LogFile to value "/Users/Andrew/OneDrive - GIST/Code/Graduation/two-stage PC by CCG_ver4/SP_dual_MILP_start_MIPFocus_0.log"
Set parameter Threads to value 1
Gurobi Optimizer version 9.5.2 build v9.5.2rc0 (win64)
Thread count: 8 physical cores, 16 logical processors, using up to 1 threads
Optimize a model with 6152 rows, 3079 columns and 18894 nonzeros
Model fingerprint: 0x0759f8bc
Coefficient statistics:
  Matrix range     [1e-04, 8e+01]
  Objective range  [1e-04, 5e+02]
  Bounds range     [1e+00, 1e+00]
  RHS range        [1e-01, 3e+02]
Presolve removed 2079 rows and 481 columns
Presolve time: 0.01s
Presolved: 4073 rows, 2693 columns, 12532 nonzeros

Iteration    Objective       Primal Inf.    Dual Inf.      Time
       0      handle free variables                          0s
    1004    1.0482944e+06   0.000000e+00   0.000000e+00      0s

Solved in 1004 iterations and 0.02 seconds (0.02 work units)
Optimal objective  1.048294433e+06

Gurobi 9.5.2 (win64) logging started Wed Nov 15 13:41:06 2023

Set parameter LogFile to value "/Users/Andrew/OneDrive - GIST/Code/Graduation/two-stage PC by CCG_ver5/SP_dual_MILP_start_MIPFocus_0.log"
Set parameter Threads to value 1
Gurobi Optimizer version 9.5.2 build v9.5.2rc0 (win64)
Thread count: 8 physical cores, 16 logical processors, using up to 1 threads
Optimize a model with 1544 rows, 1927 columns and 7950 nonzeros
Model fingerprint: 0x612f81ee
Model has 1152 quadratic objective terms
Coefficient statistics:
  Matrix range     [1e-04, 8e+01]
  Objective range  [9e-02, 5e+02]
  QObjective range [2e-04, 2e+02]
  Bounds range     [1e+00, 1e+00]
  RHS range        [1e-01, 3e+02]
Presolve removed 831 rows and 289 columns

Gurobi 9.5.2 (win64) logging started Wed Nov 15 13:55:42 2023

Set parameter LogFile to value "/Users/Andrew/OneDrive - GIST/Code/Graduation/two-stage PC by CCG_ver5/SP_dual_MILP_start_MIPFocus_0.log"
Set parameter Threads to value 1
Set parameter NonConvex to value 2
Gurobi Optimizer version 9.5.2 build v9.5.2rc0 (win64)
Thread count: 8 physical cores, 16 logical processors, using up to 1 threads
Optimize a model with 1544 rows, 1927 columns and 7950 nonzeros
Model fingerprint: 0x612f81ee
Model has 1152 quadratic objective terms
Coefficient statistics:
  Matrix range     [1e-04, 8e+01]
  Objective range  [9e-02, 5e+02]
  QObjective range [2e-04, 2e+02]
  Bounds range     [1e+00, 1e+00]
  RHS range        [1e-01, 3e+02]
Presolve removed 831 rows and 289 columns

Continuous model is non-convex -- solving as a MIP

Presolve removed 658 rows and 307 columns
Presolve time: 0.00s
Presolved: 3191 rows, 2774 columns, 9790 nonzeros
Presolved model has 1152 bilinear constraint(s)
Variable types: 2774 continuous, 0 integer (0 binary)

Root relaxation: unbounded, 1389 iterations, 0.00 seconds (0.00 work units)

    Nodes    |    Current Node    |     Objective Bounds      |     Work
 Expl Unexpl |  Obj  Depth IntInf | Incumbent    BestBd   Gap | It/Node Time

     0     0  postponed    0               -          -      -     -    0s
     0     0  postponed    0               -          -      -     -    0s
H    0     0                    152907.73769          -      -     -    0s
     0     2  postponed    0      152907.738          -      -     -    0s
  1399  1399  postponed  699      152907.738          -      -   1.6    5s

Explored 2554 nodes (5310 simplex iterations) in 10.00 seconds (7.21 work units)
Thread count was 1 (of 16 available processors)

Solution count 1: 152908 

Time limit reached
Best objective 1.529077376936e+05, best bound -, gap -

Gurobi 9.5.2 (win64) logging started Wed Nov 15 14:02:41 2023

Set parameter LogFile to value "/Users/Andrew/OneDrive - GIST/Code/Graduation/two-stage PC by CCG_ver5/SP_dual_MILP_start_MIPFocus_0.log"
Set parameter Threads to value 1
Set parameter NonConvex to value 2
Gurobi Optimizer version 9.5.2 build v9.5.2rc0 (win64)
Thread count: 8 physical cores, 16 logical processors, using up to 1 threads
Optimize a model with 1544 rows, 1927 columns and 7950 nonzeros
Model fingerprint: 0x612f81ee
Model has 1152 quadratic objective terms
Coefficient statistics:
  Matrix range     [1e-04, 8e+01]
  Objective range  [9e-02, 5e+02]
  QObjective range [2e-04, 2e+02]
  Bounds range     [1e+00, 1e+00]
  RHS range        [1e-01, 3e+02]
Presolve removed 831 rows and 289 columns

Continuous model is non-convex -- solving as a MIP

Presolve removed 658 rows and 307 columns
Presolve time: 0.00s
Presolved: 3191 rows, 2774 columns, 9790 nonzeros
Presolved model has 1152 bilinear constraint(s)
Variable types: 2774 continuous, 0 integer (0 binary)

Root relaxation: unbounded, 1389 iterations, 0.00 seconds (0.00 work units)

    Nodes    |    Current Node    |     Objective Bounds      |     Work
 Expl Unexpl |  Obj  Depth IntInf | Incumbent    BestBd   Gap | It/Node Time

     0     0  postponed    0               -          -      -     -    0s
     0     0  postponed    0               -          -      -     -    0s
H    0     0                    152907.73769          -      -     -    0s
     0     2  postponed    0      152907.738          -      -     -    0s
  1404  1404  postponed  700      152907.738          -      -   1.6    5s

Explored 2554 nodes (5310 simplex iterations) in 10.00 seconds (7.15 work units)
Thread count was 1 (of 16 available processors)

Solution count 1: 152908 

Time limit reached
Best objective 1.529077376936e+05, best bound -, gap -

Gurobi 9.5.2 (win64) logging started Wed Nov 15 14:37:14 2023

Set parameter LogFile to value "/Users/Andrew/OneDrive - GIST/Code/Graduation/two-stage PC by CCG_ver5/SP_dual_MILP_start_MIPFocus_0.log"
Set parameter Threads to value 1
Set parameter NonConvex to value 2
Gurobi Optimizer version 9.5.2 build v9.5.2rc0 (win64)
Thread count: 8 physical cores, 16 logical processors, using up to 1 threads
Optimize a model with 1544 rows, 1927 columns and 7950 nonzeros
Model fingerprint: 0xdb757a9a
Model has 1152 quadratic objective terms
Coefficient statistics:
  Matrix range     [1e-04, 8e+01]
  Objective range  [9e-02, 5e+02]
  QObjective range [2e-04, 2e+02]
  Bounds range     [1e+00, 1e+00]
  RHS range        [1e-01, 3e+02]
Presolve removed 831 rows and 289 columns

Continuous model is non-convex -- solving as a MIP

Presolve removed 658 rows and 306 columns
Presolve time: 0.00s
Presolved: 3191 rows, 2774 columns, 10943 nonzeros
Presolved model has 1152 bilinear constraint(s)
Variable types: 2774 continuous, 0 integer (0 binary)

Root relaxation: objective 1.049533e+06, 1994 iterations, 0.02 seconds (0.01 work units)

    Nodes    |    Current Node    |     Objective Bounds      |     Work
 Expl Unexpl |  Obj  Depth IntInf | Incumbent    BestBd   Gap | It/Node Time

     0     0 1049533.14    0   88          - 1049533.14      -     -    0s
H    0     0                    1048280.3485 1049533.14  0.12%     -    0s
H    0     0                    1048906.1707 1049533.14  0.06%     -    0s
     0     0 1049217.81    0  151 1048906.17 1049217.81  0.03%     -    0s
     0     0 1049158.50    0   79 1048906.17 1049158.50  0.02%     -    0s
     0     0 1049157.82    0   79 1048906.17 1049157.82  0.02%     -    0s
     0     0 1049145.47    0   71 1048906.17 1049145.47  0.02%     -    0s
     0     0 1049142.96    0  131 1048906.17 1049142.96  0.02%     -    0s
     0     0 1049138.94    0  102 1048906.17 1049138.94  0.02%     -    0s
     0     0 1049137.72    0  107 1048906.17 1049137.72  0.02%     -    0s
     0     0 1049135.56    0  103 1048906.17 1049135.56  0.02%     -    0s
     0     0 1049135.04    0  103 1048906.17 1049135.04  0.02%     -    0s
     0     2 1049135.04    0  103 1048906.17 1049135.04  0.02%     -    0s
H  752   327                    1048916.1656 1049033.43  0.01%  21.9    3s

Cutting planes:
  RLT: 106

Explored 1200 nodes (25674 simplex iterations) in 4.95 seconds (3.44 work units)
Thread count was 1 (of 16 available processors)

Solution count 3: 1.04892e+06 1.04891e+06 1.04828e+06 

Optimal solution found (tolerance 1.00e-04)
Best objective 1.048916165644e+06, best bound 1.049019935741e+06, gap 0.0099%

Gurobi 9.5.2 (win64) logging started Wed Nov 15 15:30:29 2023

Set parameter LogFile to value "/Users/Andrew/OneDrive - GIST/Code/Graduation/two-stage PC by CCG_ver5/SP_dual_MILP_start_MIPFocus_0.log"
Set parameter Threads to value 1
Gurobi Optimizer version 9.5.2 build v9.5.2rc0 (win64)
Thread count: 8 physical cores, 16 logical processors, using up to 1 threads
Optimize a model with 5768 rows, 3079 columns and 16878 nonzeros
Model fingerprint: 0x1e28b468
Model has 288 quadratic constraints
Variable types: 2215 continuous, 864 integer (864 binary)
Coefficient statistics:
  Matrix range     [1e-04, 8e+01]
  QMatrix range    [1e+00, 1e+00]
  Objective range  [1e-04, 5e+02]
  Bounds range     [1e+00, 1e+00]
  RHS range        [1e-01, 3e+02]
Presolve removed 3857 rows and 1459 columns
Presolve time: 0.02s
Presolved: 1911 rows, 1620 columns, 6166 nonzeros
Variable types: 1044 continuous, 576 integer (576 binary)
Found heuristic solution: objective 1043486.5077

Root relaxation: objective 1.048039e+06, 1070 iterations, 0.00 seconds (0.01 work units)

    Nodes    |    Current Node    |     Objective Bounds      |     Work
 Expl Unexpl |  Obj  Depth IntInf | Incumbent    BestBd   Gap | It/Node Time

     0     0 1048039.26    0   40 1043486.51 1048039.26  0.44%     -    0s
H    0     0                    1047543.5211 1048039.26  0.05%     -    0s
     0     0 1047998.34    0   40 1047543.52 1047998.34  0.04%     -    0s
H    0     0                    1047706.0934 1047998.34  0.03%     -    0s
     0     0 1047988.73    0   50 1047706.09 1047988.73  0.03%     -    0s
     0     0 1047988.27    0   55 1047706.09 1047988.27  0.03%     -    0s
     0     0 1047954.75    0   52 1047706.09 1047954.75  0.02%     -    0s
     0     0 1047950.36    0   63 1047706.09 1047950.36  0.02%     -    0s
     0     0 1047948.59    0   63 1047706.09 1047948.59  0.02%     -    0s
     0     0 1047947.95    0   62 1047706.09 1047947.95  0.02%     -    0s
     0     0 1047947.49    0   62 1047706.09 1047947.49  0.02%     -    0s
     0     0 1047947.47    0   63 1047706.09 1047947.47  0.02%     -    0s
     0     0 1047933.73    0   77 1047706.09 1047933.73  0.02%     -    0s
     0     0 1047925.71    0   75 1047706.09 1047925.71  0.02%     -    0s
     0     0 1047925.25    0   78 1047706.09 1047925.25  0.02%     -    0s
     0     0 1047925.25    0   79 1047706.09 1047925.25  0.02%     -    0s
     0     0 1047914.46    0   71 1047706.09 1047914.46  0.02%     -    0s
     0     0 1047911.07    0   82 1047706.09 1047911.07  0.02%     -    0s
     0     0 1047910.66    0   70 1047706.09 1047910.66  0.02%     -    0s
     0     0 1047910.35    0   78 1047706.09 1047910.35  0.02%     -    0s
     0     0 1047910.29    0   81 1047706.09 1047910.29  0.02%     -    0s
     0     0 1047907.04    0   87 1047706.09 1047907.04  0.02%     -    0s
     0     0 1047906.00    0   90 1047706.09 1047906.00  0.02%     -    0s
     0     0 1047905.96    0   90 1047706.09 1047905.96  0.02%     -    0s
     0     0 1047902.82    0   88 1047706.09 1047902.82  0.02%     -    0s
     0     0 1047902.39    0   92 1047706.09 1047902.39  0.02%     -    0s
     0     0 1047902.34    0   94 1047706.09 1047902.34  0.02%     -    0s
     0     0 1047901.68    0   92 1047706.09 1047901.68  0.02%     -    0s
     0     0 1047901.68    0   90 1047706.09 1047901.68  0.02%     -    0s
     0     0 1047901.68    0   40 1047706.09 1047901.68  0.02%     -    0s
     0     0 1047901.68    0   53 1047706.09 1047901.68  0.02%     -    0s
     0     0 1047901.68    0   60 1047706.09 1047901.68  0.02%     -    0s
     0     0 1047901.68    0   57 1047706.09 1047901.68  0.02%     -    0s
     0     0 1047901.68    0   75 1047706.09 1047901.68  0.02%     -    0s
     0     0 1047901.68    0   72 1047706.09 1047901.68  0.02%     -    0s
     0     0 1047901.68    0   86 1047706.09 1047901.68  0.02%     -    0s
     0     0 1047901.68    0   94 1047706.09 1047901.68  0.02%     -    0s
     0     0 1047901.68    0   91 1047706.09 1047901.68  0.02%     -    0s
     0     0 1047901.66    0   91 1047706.09 1047901.66  0.02%     -    0s
     0     0 1047900.53    0   78 1047706.09 1047900.53  0.02%     -    0s
     0     0 1047900.51    0   78 1047706.09 1047900.51  0.02%     -    0s
     0     0 1047898.71    0   90 1047706.09 1047898.71  0.02%     -    0s
     0     0 1047898.62    0   86 1047706.09 1047898.62  0.02%     -    0s
     0     0 1047897.62    0   89 1047706.09 1047897.62  0.02%     -    0s
     0     0 1047897.62    0   88 1047706.09 1047897.62  0.02%     -    0s
     0     2 1047889.90    0   88 1047706.09 1047889.90  0.02%     -    0s
H   27    18                    1047838.8444 1047885.61  0.00%  12.1    0s

Cutting planes:
  Gomory: 10
  Cover: 8
  MIR: 27
  StrongCG: 2
  GUB cover: 9
  RLT: 35

Explored 28 nodes (3274 simplex iterations) in 0.57 seconds (0.40 work units)
Thread count was 1 (of 16 available processors)

Solution count 5: 1.04784e+06 1.04771e+06 1.04754e+06 ... 1.04349e+06

Optimal solution found (tolerance 1.00e-04)
Best objective 1.047838844407e+06, best bound 1.047885607248e+06, gap 0.0045%

Gurobi 9.5.2 (win64) logging started Wed Nov 15 18:43:20 2023

Set parameter LogFile to value "/Users/Andrew/OneDrive - GIST/Code/Graduation/two-stage PC by CCG_ver5/SP_dual_MILP_start_MIPFocus_0.log"
Set parameter Threads to value 1
Gurobi Optimizer version 9.5.2 build v9.5.2rc0 (win64)
Thread count: 8 physical cores, 16 logical processors, using up to 1 threads
Optimize a model with 6152 rows, 3079 columns and 19470 nonzeros
Model fingerprint: 0x29335de0
Model has 288 quadratic constraints
Variable types: 2215 continuous, 864 integer (864 binary)
Coefficient statistics:
  Matrix range     [1e-04, 8e+01]
  QMatrix range    [1e+00, 1e+00]
  Objective range  [1e-04, 5e+02]
  Bounds range     [1e+00, 1e+00]
  RHS range        [1e-01, 3e+02]
Presolve removed 3831 rows and 887 columns
Presolve time: 0.03s
Presolved: 2321 rows, 2192 columns, 7553 nonzeros
Variable types: 1330 continuous, 862 integer (862 binary)
Found heuristic solution: objective 1043501.3043

Root relaxation: objective 1.050117e+06, 1730 iterations, 0.01 seconds (0.01 work units)

    Nodes    |    Current Node    |     Objective Bounds      |     Work
 Expl Unexpl |  Obj  Depth IntInf | Incumbent    BestBd   Gap | It/Node Time

     0     0 1050116.89    0   25 1043501.30 1050116.89  0.63%     -    0s
H    0     0                    1049849.1718 1050116.89  0.03%     -    0s
H    0     0                    1049863.6102 1050116.89  0.02%     -    0s
     0     0 1050025.25    0   21 1049863.61 1050025.25  0.02%     -    0s
H    0     0                    1049975.9016 1050025.25  0.00%     -    0s

Cutting planes:
  Gomory: 3
  Cover: 1
  Clique: 1
  MIR: 2
  GUB cover: 2
  RLT: 10
  BQP: 4

Explored 1 nodes (1775 simplex iterations) in 0.09 seconds (0.09 work units)
Thread count was 1 (of 16 available processors)

Solution count 4: 1.04998e+06 1.04986e+06 1.04985e+06 1.0435e+06 

Optimal solution found (tolerance 1.00e-04)
Best objective 1.049975901618e+06, best bound 1.050025254551e+06, gap 0.0047%

Gurobi 9.5.2 (win64) logging started Wed Nov 15 20:15:56 2023

Set parameter LogFile to value "/Users/Andrew/OneDrive - GIST/Code/Graduation/two-stage PC by CCG_ver5/SP_dual_MILP_start_MIPFocus_0.log"
Set parameter Threads to value 1
Gurobi Optimizer version 9.5.2 build v9.5.2rc0 (win64)
Thread count: 8 physical cores, 16 logical processors, using up to 1 threads
Optimize a model with 6152 rows, 3079 columns and 19470 nonzeros
Model fingerprint: 0x37e88c04
Model has 288 quadratic constraints
Variable types: 2215 continuous, 864 integer (864 binary)
Coefficient statistics:
  Matrix range     [1e-04, 8e+01]
  QMatrix range    [1e+00, 1e+00]
  Objective range  [1e-14, 5e+02]
  Bounds range     [1e+00, 1e+00]
  RHS range        [1e-01, 3e+02]
Presolve removed 3830 rows and 887 columns
Presolve time: 0.03s
Presolved: 2322 rows, 2192 columns, 7551 nonzeros
Variable types: 1330 continuous, 862 integer (862 binary)
Found heuristic solution: objective 1043484.9423

Root relaxation: objective 1.050041e+06, 1778 iterations, 0.01 seconds (0.01 work units)

    Nodes    |    Current Node    |     Objective Bounds      |     Work
 Expl Unexpl |  Obj  Depth IntInf | Incumbent    BestBd   Gap | It/Node Time

     0     0 1050040.97    0   25 1043484.94 1050040.97  0.63%     -    0s
H    0     0                    1049822.3038 1050040.97  0.02%     -    0s
     0     0 1049924.39    0   16 1049822.30 1049924.39  0.01%     -    0s

Cutting planes:
  Gomory: 8
  Implied bound: 5
  Clique: 3
  MIR: 1
  GUB cover: 2
  RLT: 12
  BQP: 6

Explored 1 nodes (1851 simplex iterations) in 0.08 seconds (0.08 work units)
Thread count was 1 (of 16 available processors)

Solution count 2: 1.04982e+06 1.04348e+06 

Optimal solution found (tolerance 1.00e-04)
Best objective 1.049822303811e+06, best bound 1.049924393261e+06, gap 0.0097%

Gurobi 9.5.2 (win64) logging started Wed Nov 15 21:16:05 2023

Set parameter LogFile to value "/Users/Andrew/OneDrive - GIST/Code/Graduation/two-stage PC by CCG_ver5/SP_dual_MILP_start_MIPFocus_0.log"
Set parameter Threads to value 1
Gurobi Optimizer version 9.5.2 build v9.5.2rc0 (win64)
Thread count: 8 physical cores, 16 logical processors, using up to 1 threads
Optimize a model with 6152 rows, 3079 columns and 19470 nonzeros
Model fingerprint: 0x87eb4c43
Model has 288 quadratic constraints
Variable types: 2215 continuous, 864 integer (864 binary)
Coefficient statistics:
  Matrix range     [1e-04, 8e+01]
  QMatrix range    [1e+00, 1e+00]
  Objective range  [1e-04, 5e+02]
  Bounds range     [1e+00, 1e+00]
  RHS range        [1e-01, 3e+02]
Presolve removed 3830 rows and 887 columns
Presolve time: 0.05s
Presolved: 2322 rows, 2192 columns, 7551 nonzeros
Variable types: 1330 continuous, 862 integer (862 binary)
Found heuristic solution: objective 1043484.9423

Root relaxation: objective 1.050041e+06, 1777 iterations, 0.01 seconds (0.01 work units)

    Nodes    |    Current Node    |     Objective Bounds      |     Work
 Expl Unexpl |  Obj  Depth IntInf | Incumbent    BestBd   Gap | It/Node Time

     0     0 1050040.97    0   25 1043484.94 1050040.97  0.63%     -    0s
H    0     0                    1049822.3038 1050040.97  0.02%     -    0s
     0     0 1049924.39    0   16 1049822.30 1049924.39  0.01%     -    0s

Cutting planes:
  Gomory: 8
  Implied bound: 5
  Clique: 3
  MIR: 1
  GUB cover: 2
  RLT: 12
  BQP: 6

Explored 1 nodes (1850 simplex iterations) in 0.10 seconds (0.08 work units)
Thread count was 1 (of 16 available processors)

Solution count 2: 1.04982e+06 1.04348e+06 

Optimal solution found (tolerance 1.00e-04)
Best objective 1.049822303811e+06, best bound 1.049924393261e+06, gap 0.0097%

Gurobi 9.5.2 (win64) logging started Tue Nov 28 18:25:50 2023

Set parameter LogFile to value "/Users/Andrew/OneDrive - GIST/Code/Graduation/two-stage PC by CCG_ver8/SP_dual_MILP_start_MIPFocus_0.log"
Set parameter Threads to value 1
Gurobi Optimizer version 9.5.2 build v9.5.2rc0 (win64)
Thread count: 8 physical cores, 16 logical processors, using up to 1 threads
Optimize a model with 13644 rows, 5866 columns and 43156 nonzeros
Model fingerprint: 0xe12837a4
Variable types: 4138 continuous, 1728 integer (1728 binary)
Coefficient statistics:
  Matrix range     [1e-04, 8e+01]
  Objective range  [4e-15, 5e+02]
  Bounds range     [1e+00, 1e+00]
  RHS range        [3e-01, 3e+02]
Presolve removed 7197 rows and 432 columns
Presolve time: 0.08s
Presolved: 6447 rows, 5434 columns, 20141 nonzeros
Variable types: 3747 continuous, 1687 integer (1687 binary)
Found heuristic solution: objective 229921.32366
Found heuristic solution: objective 230321.39820
Found heuristic solution: objective 230346.55244

Root relaxation: objective 2.394617e+05, 4999 iterations, 0.04 seconds (0.03 work units)

    Nodes    |    Current Node    |     Objective Bounds      |     Work
 Expl Unexpl |  Obj  Depth IntInf | Incumbent    BestBd   Gap | It/Node Time

     0     0 239461.688    0  334 230346.552 239461.688  3.96%     -    0s
H    0     0                    236121.96247 239461.688  1.41%     -    0s
H    0     0                    236126.58628 239461.688  1.41%     -    0s
     0     0 237410.928    0  455 236126.586 237410.928  0.54%     -    0s
     0     0 237397.617    0  454 236126.586 237397.617  0.54%     -    0s
     0     0 237396.408    0  450 236126.586 237396.408  0.54%     -    0s
     0     0 237396.040    0  449 236126.586 237396.040  0.54%     -    0s
     0     0 237039.363    0  280 236126.586 237039.363  0.39%     -    0s
     0     0 237001.978    0  388 236126.586 237001.978  0.37%     -    0s
     0     0 236998.010    0  393 236126.586 236998.010  0.37%     -    0s
     0     0 236997.805    0  393 236126.586 236997.805  0.37%     -    0s
     0     0 236936.781    0  182 236126.586 236936.781  0.34%     -    0s
H    0     0                    236604.27273 236936.781  0.14%     -    0s
     0     0 236922.967    0  378 236604.273 236922.967  0.13%     -    0s
     0     0 236920.801    0  372 236604.273 236920.801  0.13%     -    0s
     0     0 236920.355    0  404 236604.273 236920.355  0.13%     -    0s
     0     0 236908.169    0   83 236604.273 236908.169  0.13%     -    0s
H    0     0                    236864.31068 236908.169  0.02%     -    0s
     0     0 236902.963    0  258 236864.311 236902.963  0.02%     -    0s
     0     0 236902.893    0  225 236864.311 236902.893  0.02%     -    0s
     0     0 236895.197    0  178 236864.311 236895.197  0.01%     -    0s
H    0     0                    236886.18067 236895.197  0.00%     -    0s

Cutting planes:
  Gomory: 37
  Cover: 22
  Implied bound: 20
  Clique: 49
  MIR: 511
  StrongCG: 5
  Flow cover: 42
  GUB cover: 45
  RLT: 120
  BQP: 21
  PSD: 8

Explored 1 nodes (9086 simplex iterations) in 0.92 seconds (0.72 work units)
Thread count was 1 (of 16 available processors)

Solution count 8: 236886 236864 236604 ... 229921

Optimal solution found (tolerance 1.00e-04)
Best objective 2.368861806729e+05, best bound 2.368951966392e+05, gap 0.0038%

Gurobi 9.5.2 (win64) logging started Tue Nov 28 18:27:31 2023

Set parameter LogFile to value "/Users/Andrew/OneDrive - GIST/Code/Graduation/two-stage PC by CCG_ver8/SP_dual_MILP_start_MIPFocus_0.log"
Set parameter Threads to value 1
Gurobi Optimizer version 9.5.2 build v9.5.2rc0 (win64)
Thread count: 8 physical cores, 16 logical processors, using up to 1 threads
Optimize a model with 13644 rows, 5866 columns and 43156 nonzeros
Model fingerprint: 0xf376d600
Variable types: 4138 continuous, 1728 integer (1728 binary)
Coefficient statistics:
  Matrix range     [1e-04, 8e+01]
  Objective range  [4e-15, 5e+02]
  Bounds range     [1e+00, 1e+00]
  RHS range        [3e-01, 3e+02]
Presolve removed 1701 rows and 482 columns
Presolve time: 0.02s

Explored 0 nodes (0 simplex iterations) in 0.03 seconds (0.05 work units)
Thread count was 1 (of 16 available processors)

Solution count 0

Model is infeasible or unbounded
Best objective -, best bound -, gap -

Computing Irreducible Inconsistent Subsystem (IIS)...

           Constraints          |            Bounds           |  Runtime
      Min       Max     Guess   |   Min       Max     Guess   |
--------------------------------------------------------------------------
        0     13217         -         0       777         -           0s
        4         4         -         0         0         -           1s

IIS computed: 4 constraints, 0 bounds
IIS runtime: 1.01 seconds (0.63 work units)

Gurobi 9.5.2 (win64) logging started Tue Nov 28 18:41:23 2023

Set parameter LogFile to value "/Users/Andrew/OneDrive - GIST/Code/Graduation/two-stage PC by CCG_ver9/SP_dual_MILP_start_MIPFocus_0.log"
Set parameter Threads to value 1
Gurobi Optimizer version 9.5.2 build v9.5.2rc0 (win64)
Thread count: 8 physical cores, 16 logical processors, using up to 1 threads
Optimize a model with 13644 rows, 5866 columns and 40852 nonzeros
Model fingerprint: 0x3674a932
Coefficient statistics:
  Matrix range     [1e-04, 8e+01]
  Objective range  [4e-15, 5e+02]
  Bounds range     [1e+00, 1e+00]
  RHS range        [3e-01, 3e+02]
Presolve removed 3894 rows and 292 columns
Presolve time: 0.01s
Presolved: 9750 rows, 5786 columns, 29089 nonzeros

Iteration    Objective       Primal Inf.    Dual Inf.      Time
       0      handle free variables                          0s
    3557    2.3972600e+05   0.000000e+00   0.000000e+00      0s

Solved in 3557 iterations and 0.08 seconds (0.13 work units)
Optimal objective  2.397260008e+05

Gurobi 9.5.2 (win64) logging started Tue Nov 28 18:42:18 2023

Set parameter LogFile to value "/Users/Andrew/OneDrive - GIST/Code/Graduation/two-stage PC by CCG_ver9/SP_dual_MILP_start_MIPFocus_0.log"
Set parameter Threads to value 1
Gurobi Optimizer version 9.5.2 build v9.5.2rc0 (win64)
Thread count: 8 physical cores, 16 logical processors, using up to 1 threads
Optimize a model with 13644 rows, 5866 columns and 40852 nonzeros
Model fingerprint: 0x3674a932
Coefficient statistics:
  Matrix range     [1e-04, 8e+01]
  Objective range  [4e-15, 5e+02]
  Bounds range     [1e+00, 1e+00]
  RHS range        [3e-01, 3e+02]
Presolve removed 3894 rows and 292 columns
Presolve time: 0.01s
Presolved: 9750 rows, 5786 columns, 29089 nonzeros

Iteration    Objective       Primal Inf.    Dual Inf.      Time
       0      handle free variables                          0s
    3557    2.3972600e+05   0.000000e+00   0.000000e+00      0s

Solved in 3557 iterations and 0.08 seconds (0.13 work units)
Optimal objective  2.397260008e+05

Gurobi 9.5.2 (win64) logging started Thu Nov 30 19:46:49 2023

Set parameter LogFile to value "/Users/Andrew/OneDrive - GIST/Code/Graduation/two-stage PC by CCG_ver10/SP_dual_MILP_start_MIPFocus_0.log"
Set parameter Threads to value 1
Gurobi Optimizer version 9.5.2 build v9.5.2rc0 (win64)
Thread count: 8 physical cores, 16 logical processors, using up to 1 threads
Optimize a model with 13074 rows, 5866 columns and 34012 nonzeros
Model fingerprint: 0xa1116746
Variable types: 4138 continuous, 1728 integer (1728 binary)
Coefficient statistics:
  Matrix range     [2e-01, 3e+00]
  Objective range  [1e-04, 5e+02]
  Bounds range     [1e+00, 1e+00]
  RHS range        [3e-01, 1e+02]
Presolve removed 6836 rows and 309 columns
Presolve time: 0.04s
Presolved: 6238 rows, 5557 columns, 17360 nonzeros
Variable types: 3829 continuous, 1728 integer (1728 binary)
Found heuristic solution: objective 77721.588778

Root relaxation: objective 8.830469e+04, 4847 iterations, 0.02 seconds (0.03 work units)

    Nodes    |    Current Node    |     Objective Bounds      |     Work
 Expl Unexpl |  Obj  Depth IntInf | Incumbent    BestBd   Gap | It/Node Time

     0     0 88304.6895    0  168 77721.5888 88304.6895  13.6%     -    0s
H    0     0                    82191.553711 88304.6895  7.44%     -    0s
H    0     0                    85651.127388 88304.6895  3.10%     -    0s
     0     0 87286.8534    0  223 85651.1274 87286.8534  1.91%     -    0s
     0     0 86784.1466    0  254 85651.1274 86784.1466  1.32%     -    0s
     0     0 86778.4695    0  250 85651.1274 86778.4695  1.32%     -    0s
     0     0 86775.3099    0  264 85651.1274 86775.3099  1.31%     -    0s
     0     0 86775.1733    0  266 85651.1274 86775.1733  1.31%     -    0s
     0     0 86487.5183    0  240 85651.1274 86487.5183  0.98%     -    0s
     0     0 86459.1065    0  210 85651.1274 86459.1065  0.94%     -    0s
     0     0 86458.4979    0  218 85651.1274 86458.4979  0.94%     -    0s
     0     0 86458.0929    0  229 85651.1274 86458.0929  0.94%     -    0s
     0     0 86371.8495    0  182 85651.1274 86371.8495  0.84%     -    0s
     0     0 86361.9033    0  190 85651.1274 86361.9033  0.83%     -    0s
     0     0 86360.2305    0  199 85651.1274 86360.2305  0.83%     -    0s
     0     0 86360.1496    0  202 85651.1274 86360.1496  0.83%     -    0s
     0     0 86353.4970    0  203 85651.1274 86353.4970  0.82%     -    0s
     0     0 86352.8325    0  212 85651.1274 86352.8325  0.82%     -    0s
     0     0 86352.8325    0  214 85651.1274 86352.8325  0.82%     -    0s
     0     0 86350.3504    0  210 85651.1274 86350.3504  0.82%     -    0s
     0     0 86350.3504    0  212 85651.1274 86350.3504  0.82%     -    0s
     0     0 86349.7948    0  212 85651.1274 86349.7948  0.82%     -    0s
     0     0 86349.7948    0  200 85651.1274 86349.7948  0.82%     -    0s
     0     2 86349.7948    0  195 85651.1274 86349.7948  0.82%     -    0s
H   81    81                    85704.194855 86349.7948  0.75%  20.1    0s
H  104   104                    85724.701443 86349.7948  0.73%  16.2    0s
H  260   157                    85772.700589 86349.7047  0.67%  16.4    1s
H  288   155                    85846.111518 86349.7047  0.59%  16.0    1s
H  366   222                    85870.791700 86349.7047  0.56%  17.5    1s
H  392   232                    85894.655823 86342.8808  0.52%  18.5    1s
H  397   229                    85931.555973 86342.8808  0.48%  18.5    1s
H  418   229                    85976.028557 86339.7877  0.42%  19.4    1s
H  445   232                    85998.514393 86339.7877  0.40%  19.8    1s
H  542   298                    85998.691319 86061.0657  0.07%  21.3    3s
H  549   286                    86054.973784 86060.7946  0.01%  21.0    3s

Cutting planes:
  Gomory: 46
  MIR: 182
  Flow cover: 244
  RLT: 14
  Relax-and-lift: 4
  BQP: 30

Explored 549 nodes (27329 simplex iterations) in 3.46 seconds (3.03 work units)
Thread count was 1 (of 16 available processors)

Solution count 10: 86055 85998.7 85998.5 ... 85724.7

Optimal solution found (tolerance 1.00e-04)
Best objective 8.605497383378e+04, best bound 8.606079457158e+04, gap 0.0068%

Gurobi 9.5.2 (win64) logging started Thu Nov 30 19:51:27 2023

Set parameter LogFile to value "/Users/Andrew/OneDrive - GIST/Code/Graduation/two-stage PC by CCG_ver10/SP_dual_MILP_start_MIPFocus_0.log"
Set parameter Threads to value 1
Gurobi Optimizer version 9.5.2 build v9.5.2rc0 (win64)
Thread count: 8 physical cores, 16 logical processors, using up to 1 threads
Optimize a model with 13074 rows, 5866 columns and 34012 nonzeros
Model fingerprint: 0xd896de30
Variable types: 4138 continuous, 1728 integer (1728 binary)
Coefficient statistics:
  Matrix range     [2e-01, 3e+00]
  Objective range  [1e-04, 5e+02]
  Bounds range     [1e+00, 1e+00]
  RHS range        [3e-01, 1e+02]
Presolve removed 6836 rows and 309 columns
Presolve time: 0.04s
Presolved: 6238 rows, 5557 columns, 17360 nonzeros
Variable types: 3829 continuous, 1728 integer (1728 binary)
Found heuristic solution: objective 77721.588778

Root relaxation: objective 8.830469e+04, 4847 iterations, 0.02 seconds (0.03 work units)

    Nodes    |    Current Node    |     Objective Bounds      |     Work
 Expl Unexpl |  Obj  Depth IntInf | Incumbent    BestBd   Gap | It/Node Time

     0     0 88304.6895    0  168 77721.5888 88304.6895  13.6%     -    0s
H    0     0                    82191.553711 88304.6895  7.44%     -    0s
H    0     0                    85651.127388 88304.6895  3.10%     -    0s
     0     0 87286.8534    0  223 85651.1274 87286.8534  1.91%     -    0s
     0     0 86784.1466    0  254 85651.1274 86784.1466  1.32%     -    0s
     0     0 86778.4695    0  250 85651.1274 86778.4695  1.32%     -    0s
     0     0 86775.3099    0  264 85651.1274 86775.3099  1.31%     -    0s
     0     0 86775.1733    0  266 85651.1274 86775.1733  1.31%     -    0s
     0     0 86487.5183    0  240 85651.1274 86487.5183  0.98%     -    0s
     0     0 86459.1065    0  210 85651.1274 86459.1065  0.94%     -    0s
     0     0 86458.4979    0  218 85651.1274 86458.4979  0.94%     -    0s
     0     0 86458.0929    0  229 85651.1274 86458.0929  0.94%     -    0s
     0     0 86371.8495    0  182 85651.1274 86371.8495  0.84%     -    0s
     0     0 86361.9033    0  190 85651.1274 86361.9033  0.83%     -    0s
     0     0 86360.2305    0  199 85651.1274 86360.2305  0.83%     -    0s
     0     0 86360.1496    0  202 85651.1274 86360.1496  0.83%     -    0s
     0     0 86353.4970    0  203 85651.1274 86353.4970  0.82%     -    0s
     0     0 86352.8325    0  212 85651.1274 86352.8325  0.82%     -    0s
     0     0 86352.8325    0  214 85651.1274 86352.8325  0.82%     -    0s
     0     0 86350.3504    0  210 85651.1274 86350.3504  0.82%     -    0s
     0     0 86350.3504    0  212 85651.1274 86350.3504  0.82%     -    0s
     0     0 86349.7948    0  212 85651.1274 86349.7948  0.82%     -    0s
     0     0 86349.7948    0  200 85651.1274 86349.7948  0.82%     -    0s
     0     2 86349.7948    0  195 85651.1274 86349.7948  0.82%     -    0s
H   81    81                    85704.194855 86349.7948  0.75%  20.1    0s
H  104   104                    85724.701443 86349.7948  0.73%  16.2    0s
H  260   157                    85772.700589 86349.7047  0.67%  16.4    1s
H  288   155                    85846.111518 86349.7047  0.59%  16.0    1s
H  366   222                    85870.791700 86349.7047  0.56%  17.5    1s
H  392   232                    85894.655823 86342.8808  0.52%  18.5    1s
H  397   229                    85931.555973 86342.8808  0.48%  18.5    1s
H  418   229                    85976.028557 86339.7877  0.42%  19.4    1s
H  445   232                    85998.514393 86339.7877  0.40%  19.8    1s
H  542   298                    85998.691319 86061.0657  0.07%  21.3    3s
H  549   286                    86054.973784 86060.7946  0.01%  21.0    3s

Cutting planes:
  Gomory: 46
  MIR: 182
  Flow cover: 244
  RLT: 14
  Relax-and-lift: 4
  BQP: 30

Explored 549 nodes (27329 simplex iterations) in 3.61 seconds (3.03 work units)
Thread count was 1 (of 16 available processors)

Solution count 10: 86055 85998.7 85998.5 ... 85724.7

Optimal solution found (tolerance 1.00e-04)
Best objective 8.605497383378e+04, best bound 8.606079457158e+04, gap 0.0068%

Gurobi 9.5.2 (win64) logging started Thu Nov 30 19:53:49 2023

Set parameter LogFile to value "/Users/Andrew/OneDrive - GIST/Code/Graduation/two-stage PC by CCG_ver10/SP_dual_MILP_start_MIPFocus_0.log"
Set parameter Threads to value 1
Gurobi Optimizer version 9.5.2 build v9.5.2rc0 (win64)
Thread count: 8 physical cores, 16 logical processors, using up to 1 threads
Optimize a model with 13065 rows, 5866 columns and 33982 nonzeros
Model fingerprint: 0x4ef4f62c
Variable types: 4138 continuous, 1728 integer (1728 binary)
Coefficient statistics:
  Matrix range     [2e-01, 1e+00]
  Objective range  [1e-04, 5e+02]
  Bounds range     [1e+00, 1e+00]
  RHS range        [3e-01, 1e+02]
Found heuristic solution: objective 63992.297239
Presolve removed 10316 rows and 3406 columns
Presolve time: 0.02s
Presolved: 2749 rows, 2460 columns, 6544 nonzeros
Found heuristic solution: objective 64140.556375
Variable types: 1890 continuous, 570 integer (570 binary)

Root relaxation: objective 8.958255e+04, 1431 iterations, 0.00 seconds (0.01 work units)

    Nodes    |    Current Node    |     Objective Bounds      |     Work
 Expl Unexpl |  Obj  Depth IntInf | Incumbent    BestBd   Gap | It/Node Time

     0     0 89582.5518    0  162 64140.5564 89582.5518  39.7%     -    0s
H    0     0                    84064.641116 89582.5518  6.56%     -    0s
H    0     0                    86645.316726 89582.5518  3.39%     -    0s
     0     0 88247.2906    0  132 86645.3167 88247.2906  1.85%     -    0s
H    0     0                    87116.979559 88247.2906  1.30%     -    0s
     0     0 87902.0147    0  137 87116.9796 87902.0147  0.90%     -    0s
     0     0 87899.6917    0  126 87116.9796 87899.6917  0.90%     -    0s
     0     0 87433.1382    0  120 87116.9796 87433.1382  0.36%     -    0s
     0     0 87406.1001    0  138 87116.9796 87406.1001  0.33%     -    0s
     0     0 87398.9900    0  144 87116.9796 87398.9900  0.32%     -    0s
     0     0 87391.8088    0  144 87116.9796 87391.8088  0.32%     -    0s
     0     0 87391.3535    0  132 87116.9796 87391.3535  0.31%     -    0s
     0     0 87383.7712    0  138 87116.9796 87383.7712  0.31%     -    0s
     0     0 87380.1479    0  156 87116.9796 87380.1479  0.30%     -    0s
     0     0 87376.9016    0  162 87116.9796 87376.9016  0.30%     -    0s
     0     0 87376.9016    0  162 87116.9796 87376.9016  0.30%     -    0s
     0     2 87363.7138    0  162 87116.9796 87363.7138  0.28%     -    0s
H  165    16                    87123.668008 87188.6085  0.07%   7.7    0s

Cutting planes:
  Gomory: 11
  MIR: 198
  Flow cover: 7

Explored 222 nodes (3641 simplex iterations) in 0.34 seconds (0.29 work units)
Thread count was 1 (of 16 available processors)

Solution count 6: 87123.7 87117 86645.3 ... 63992.3

Optimal solution found (tolerance 1.00e-04)
Best objective 8.712366800850e+04, best bound 8.712975992009e+04, gap 0.0070%

Gurobi 9.5.2 (win64) logging started Thu Nov 30 19:56:57 2023

Set parameter LogFile to value "/Users/Andrew/OneDrive - GIST/Code/Graduation/two-stage PC by CCG_ver10/SP_dual_MILP_start_MIPFocus_0.log"
Set parameter Threads to value 1
Gurobi Optimizer version 9.5.2 build v9.5.2rc0 (win64)
Thread count: 8 physical cores, 16 logical processors, using up to 1 threads
Optimize a model with 13644 rows, 5866 columns and 40852 nonzeros
Model fingerprint: 0x940c558d
Coefficient statistics:
  Matrix range     [1e-04, 1e+02]
  Objective range  [1e-04, 5e+02]
  Bounds range     [1e+00, 1e+00]
  RHS range        [3e-01, 3e+02]
Presolve removed 3894 rows and 292 columns
Presolve time: 0.01s
Presolved: 9750 rows, 5786 columns, 29089 nonzeros

Iteration    Objective       Primal Inf.    Dual Inf.      Time
       0      handle free variables                          0s
    3101    8.8326314e+04   0.000000e+00   0.000000e+00      0s

Solved in 3101 iterations and 0.07 seconds (0.11 work units)
Optimal objective  8.832631390e+04

Gurobi 9.5.2 (win64) logging started Mon Dec  4 19:18:41 2023

Set parameter LogFile to value "/Users/Andrew/OneDrive - GIST/Code/Graduation/PC_RGD_CCG_Mc/SP_dual_MILP_start_MIPFocus_0.log"
Set parameter Threads to value 1
Gurobi Optimizer version 9.5.2 build v9.5.2rc0 (win64)
Thread count: 8 physical cores, 16 logical processors, using up to 1 threads
Optimize a model with 13644 rows, 5866 columns and 40852 nonzeros
Model fingerprint: 0x9401d72c
Coefficient statistics:
  Matrix range     [1e-04, 1e+02]
  Objective range  [1e-04, 5e+02]
  Bounds range     [1e+00, 1e+00]
  RHS range        [5e-02, 3e+02]
Presolve removed 3702 rows and 100 columns
Presolve time: 0.01s
Presolved: 9942 rows, 5978 columns, 29665 nonzeros

Iteration    Objective       Primal Inf.    Dual Inf.      Time
       0      handle free variables                          0s
    2954    5.9648780e+04   0.000000e+00   0.000000e+00      0s

Solved in 2954 iterations and 0.08 seconds (0.11 work units)
Optimal objective  5.964877967e+04

Gurobi 9.5.2 (win64) logging started Mon Dec  4 19:22:14 2023

Set parameter LogFile to value "/Users/Andrew/OneDrive - GIST/Code/Graduation/PC_RGD_CCG_Mc/SP_dual_MILP_start_MIPFocus_0.log"
Set parameter Threads to value 1
Gurobi Optimizer version 9.5.2 build v9.5.2rc0 (win64)
Thread count: 8 physical cores, 16 logical processors, using up to 1 threads
Optimize a model with 13644 rows, 5866 columns and 40852 nonzeros
Model fingerprint: 0x9401d72c
Coefficient statistics:
  Matrix range     [1e-04, 1e+02]
  Objective range  [1e-04, 5e+02]
  Bounds range     [1e+00, 1e+00]
  RHS range        [5e-02, 3e+02]
Presolve removed 3702 rows and 100 columns
Presolve time: 0.01s
Presolved: 9942 rows, 5978 columns, 29665 nonzeros

Iteration    Objective       Primal Inf.    Dual Inf.      Time
       0      handle free variables                          0s
    2954    5.9648780e+04   0.000000e+00   0.000000e+00      0s

Solved in 2954 iterations and 0.07 seconds (0.11 work units)
Optimal objective  5.964877967e+04

Gurobi 9.5.2 (win64) logging started Mon Dec  4 19:49:20 2023

Set parameter LogFile to value "/Users/Andrew/OneDrive - GIST/Code/Graduation/PC_RGD_CCG_Mc/SP_dual_MILP_start_MIPFocus_0.log"
Set parameter Threads to value 1
Gurobi Optimizer version 9.5.2 build v9.5.2rc0 (win64)
Thread count: 8 physical cores, 16 logical processors, using up to 1 threads
Optimize a model with 13644 rows, 5866 columns and 40852 nonzeros
Model fingerprint: 0xd47c0078
Coefficient statistics:
  Matrix range     [1e-04, 1e+02]
  Objective range  [1e-04, 5e+02]
  Bounds range     [1e+00, 1e+00]
  RHS range        [5e-02, 3e+02]
Presolve removed 3702 rows and 100 columns
Presolve time: 0.01s
Presolved: 9942 rows, 5978 columns, 29665 nonzeros

Iteration    Objective       Primal Inf.    Dual Inf.      Time
       0      handle free variables                          0s
    2272    3.8556708e+04   0.000000e+00   0.000000e+00      0s

Solved in 2272 iterations and 0.06 seconds (0.08 work units)
Optimal objective  3.855670845e+04

Gurobi 9.5.2 (win64) logging started Tue Dec  5 01:17:55 2023

Set parameter LogFile to value "/Users/Andrew/OneDrive - GIST/Code/Graduation/PC_RGD_CCG_Mc/SP_dual_MILP_start_MIPFocus_0.log"
Set parameter Threads to value 1
Gurobi Optimizer version 9.5.2 build v9.5.2rc0 (win64)
Thread count: 8 physical cores, 16 logical processors, using up to 1 threads
Optimize a model with 13644 rows, 5866 columns and 40852 nonzeros
Model fingerprint: 0xe98527f0
Coefficient statistics:
  Matrix range     [1e-04, 1e+02]
  Objective range  [1e-04, 5e+02]
  Bounds range     [1e+00, 1e+00]
  RHS range        [7e-03, 3e+02]
Presolve removed 3702 rows and 100 columns
Presolve time: 0.02s
Presolved: 9942 rows, 5978 columns, 29665 nonzeros

Iteration    Objective       Primal Inf.    Dual Inf.      Time
       0      handle free variables                          0s
    2539    2.0403413e+04   0.000000e+00   0.000000e+00      0s

Solved in 2539 iterations and 0.07 seconds (0.11 work units)
Optimal objective  2.040341286e+04

Gurobi 9.5.2 (win64) logging started Tue Dec  5 01:24:33 2023

Set parameter LogFile to value "/Users/Andrew/OneDrive - GIST/Code/Graduation/PC_RGD_CCG_Mc/SP_dual_MILP_start_MIPFocus_0.log"
Set parameter Threads to value 1
Gurobi Optimizer version 9.5.2 build v9.5.2rc0 (win64)
Thread count: 8 physical cores, 16 logical processors, using up to 1 threads
Optimize a model with 13644 rows, 5866 columns and 40852 nonzeros
Model fingerprint: 0xb5d541f4
Coefficient statistics:
  Matrix range     [1e-04, 1e+02]
  Objective range  [1e-04, 5e+02]
  Bounds range     [0e+00, 0e+00]
  RHS range        [7e-03, 3e+02]
Presolve removed 3702 rows and 100 columns
Presolve time: 0.03s
Presolved: 9942 rows, 5978 columns, 29665 nonzeros

Iteration    Objective       Primal Inf.    Dual Inf.      Time
       0      handle free variables                          0s
    2360    2.0403413e+04   0.000000e+00   0.000000e+00      0s

Solved in 2360 iterations and 0.08 seconds (0.12 work units)
Optimal objective  2.040341286e+04

Gurobi 9.5.2 (win64) logging started Tue Dec  5 01:30:46 2023

Set parameter LogFile to value "/Users/Andrew/OneDrive - GIST/Code/Graduation/PC_RGD_CCG_Mc/SP_dual_MILP_start_MIPFocus_0.log"
Set parameter Threads to value 1
Gurobi Optimizer version 9.5.2 build v9.5.2rc0 (win64)
Thread count: 8 physical cores, 16 logical processors, using up to 1 threads
Optimize a model with 13644 rows, 5866 columns and 40852 nonzeros
Model fingerprint: 0xb5d541f4
Coefficient statistics:
  Matrix range     [1e-04, 1e+02]
  Objective range  [1e-04, 5e+02]
  Bounds range     [0e+00, 0e+00]
  RHS range        [7e-03, 3e+02]
Presolve removed 3702 rows and 100 columns
Presolve time: 0.01s
Presolved: 9942 rows, 5978 columns, 29665 nonzeros

Iteration    Objective       Primal Inf.    Dual Inf.      Time
       0      handle free variables                          0s
    2360    2.0403413e+04   0.000000e+00   0.000000e+00      0s

Solved in 2360 iterations and 0.07 seconds (0.12 work units)
Optimal objective  2.040341286e+04

Gurobi 9.5.2 (win64) logging started Tue Dec  5 01:32:30 2023

Set parameter LogFile to value "/Users/Andrew/OneDrive - GIST/Code/Graduation/PC_RGD_CCG_Mc/SP_dual_MILP_start_MIPFocus_0.log"
Set parameter Threads to value 1
Gurobi Optimizer version 9.5.2 build v9.5.2rc0 (win64)
Thread count: 8 physical cores, 16 logical processors, using up to 1 threads
Optimize a model with 13644 rows, 5866 columns and 40852 nonzeros
Model fingerprint: 0xb5d541f4
Coefficient statistics:
  Matrix range     [1e-04, 1e+02]
  Objective range  [1e-04, 5e+02]
  Bounds range     [0e+00, 0e+00]
  RHS range        [7e-03, 3e+02]
Presolve removed 3702 rows and 100 columns
Presolve time: 0.05s
Presolved: 9942 rows, 5978 columns, 29665 nonzeros

Iteration    Objective       Primal Inf.    Dual Inf.      Time
       0      handle free variables                          0s
    2360    2.0403413e+04   0.000000e+00   0.000000e+00      0s

Solved in 2360 iterations and 0.10 seconds (0.12 work units)
Optimal objective  2.040341286e+04

Gurobi 9.5.2 (win64) logging started Tue Dec  5 01:32:59 2023

Set parameter LogFile to value "/Users/Andrew/OneDrive - GIST/Code/Graduation/PC_RGD_CCG_Mc/SP_dual_MILP_start_MIPFocus_0.log"
Set parameter Threads to value 1
Gurobi Optimizer version 9.5.2 build v9.5.2rc0 (win64)
Thread count: 8 physical cores, 16 logical processors, using up to 1 threads
Optimize a model with 13644 rows, 5866 columns and 40852 nonzeros
Model fingerprint: 0x27f3370c
Coefficient statistics:
  Matrix range     [1e-04, 1e+02]
  Objective range  [1e-04, 5e+02]
  Bounds range     [0e+00, 0e+00]
  RHS range        [7e-03, 1e+03]
Presolve removed 3711 rows and 100 columns
Presolve time: 0.01s
Presolved: 9933 rows, 5978 columns, 27937 nonzeros

Iteration    Objective       Primal Inf.    Dual Inf.      Time
       0      handle free variables                          0s
    1128    2.1200366e+04   0.000000e+00   0.000000e+00      0s

Solved in 1128 iterations and 0.04 seconds (0.05 work units)
Optimal objective  2.120036629e+04

Gurobi 9.5.2 (win64) logging started Tue Dec  5 01:33:16 2023

Set parameter LogFile to value "/Users/Andrew/OneDrive - GIST/Code/Graduation/PC_RGD_CCG_Mc/SP_dual_MILP_start_MIPFocus_0.log"
Set parameter Threads to value 1
Gurobi Optimizer version 9.5.2 build v9.5.2rc0 (win64)
Thread count: 8 physical cores, 16 logical processors, using up to 1 threads
Optimize a model with 13644 rows, 5866 columns and 40852 nonzeros
Model fingerprint: 0x88d5af69
Coefficient statistics:
  Matrix range     [1e-04, 1e+02]
  Objective range  [1e-04, 5e+02]
  Bounds range     [0e+00, 0e+00]
  RHS range        [7e-03, 1e+04]
Presolve removed 3711 rows and 100 columns
Presolve time: 0.02s
Presolved: 9933 rows, 5978 columns, 27937 nonzeros

Iteration    Objective       Primal Inf.    Dual Inf.      Time
       0      handle free variables                          0s
    1128    2.1200366e+04   0.000000e+00   0.000000e+00      0s

Solved in 1128 iterations and 0.03 seconds (0.05 work units)
Optimal objective  2.120036629e+04

Gurobi 9.5.2 (win64) logging started Tue Dec  5 01:47:15 2023

Set parameter LogFile to value "/Users/Andrew/OneDrive - GIST/Code/Graduation/PC_RGD_CCG_Mc/SP_dual_MILP_start_MIPFocus_0.log"
Set parameter Threads to value 1
Gurobi Optimizer version 9.5.2 build v9.5.2rc0 (win64)
Thread count: 8 physical cores, 16 logical processors, using up to 1 threads
Optimize a model with 13644 rows, 5866 columns and 40852 nonzeros
Model fingerprint: 0xe5ee4abd
Coefficient statistics:
  Matrix range     [1e-04, 1e+02]
  Objective range  [1e-04, 5e+02]
  Bounds range     [0e+00, 0e+00]
  RHS range        [7e-03, 3e+02]
Presolve removed 3702 rows and 100 columns
Presolve time: 0.02s
Presolved: 9942 rows, 5978 columns, 29665 nonzeros

Iteration    Objective       Primal Inf.    Dual Inf.      Time
       0      handle free variables                          0s
    2307    2.1099603e+04   0.000000e+00   0.000000e+00      0s

Solved in 2307 iterations and 0.07 seconds (0.11 work units)
Optimal objective  2.109960289e+04

Gurobi 9.5.2 (win64) logging started Tue Dec  5 01:48:23 2023

Set parameter LogFile to value "/Users/Andrew/OneDrive - GIST/Code/Graduation/PC_RGD_CCG_Mc/SP_dual_MILP_start_MIPFocus_0.log"
Set parameter Threads to value 1
Gurobi Optimizer version 9.5.2 build v9.5.2rc0 (win64)
Thread count: 8 physical cores, 16 logical processors, using up to 1 threads
Optimize a model with 13644 rows, 5866 columns and 40852 nonzeros
Model fingerprint: 0x3e83d2b9
Coefficient statistics:
  Matrix range     [1e-04, 1e+02]
  Objective range  [1e-04, 5e+02]
  Bounds range     [0e+00, 0e+00]
  RHS range        [7e-03, 3e+02]
Presolve removed 3702 rows and 100 columns
Presolve time: 0.01s
Presolved: 9942 rows, 5978 columns, 29665 nonzeros

Iteration    Objective       Primal Inf.    Dual Inf.      Time
       0      handle free variables                          0s
    2098    2.6009281e+04   0.000000e+00   0.000000e+00      0s

Solved in 2098 iterations and 0.07 seconds (0.09 work units)
Optimal objective  2.600928144e+04

Gurobi 9.5.2 (win64) logging started Tue Dec  5 02:15:20 2023

Set parameter LogFile to value "/Users/Andrew/OneDrive - GIST/Code/Graduation/PC_RGD_CCG_Mc/SP_dual_MILP_start_MIPFocus_0.log"
Set parameter Threads to value 1
Gurobi Optimizer version 9.5.2 build v9.5.2rc0 (win64)
Thread count: 8 physical cores, 16 logical processors, using up to 1 threads
Optimize a model with 13836 rows, 6058 columns and 41236 nonzeros
Model fingerprint: 0x199edf2d
Coefficient statistics:
  Matrix range     [1e-04, 8e+01]
  Objective range  [1e-04, 5e+02]
  Bounds range     [0e+00, 0e+00]
  RHS range        [7e-03, 3e+02]
Presolve removed 3703 rows and 101 columns
Presolve time: 0.01s
Presolved: 10133 rows, 6169 columns, 30238 nonzeros

Iteration    Objective       Primal Inf.    Dual Inf.      Time
       0      handle free variables                          0s
    2606    3.8845986e+04   0.000000e+00   0.000000e+00      0s

Solved in 2606 iterations and 0.08 seconds (0.11 work units)
Optimal objective  3.884598557e+04

Gurobi 9.5.2 (win64) logging started Tue Dec  5 15:46:20 2023

Set parameter LogFile to value "/Users/Andrew/OneDrive - GIST/Code/Graduation/PC_RGD_CCG_Mc/SP_dual_MILP_start_MIPFocus_0.log"
Set parameter Threads to value 1
Gurobi Optimizer version 9.5.2 build v9.5.2rc0 (win64)
Thread count: 8 physical cores, 16 logical processors, using up to 1 threads
Optimize a model with 13836 rows, 6058 columns and 41236 nonzeros
Model fingerprint: 0x8de00319
Coefficient statistics:
  Matrix range     [1e-04, 1e+02]
  Objective range  [1e-04, 5e+02]
  Bounds range     [0e+00, 0e+00]
  RHS range        [5e-03, 3e+02]
Presolve removed 3703 rows and 101 columns
Presolve time: 0.01s
Presolved: 10133 rows, 6169 columns, 30238 nonzeros

Iteration    Objective       Primal Inf.    Dual Inf.      Time
       0      handle free variables                          0s
    2628    3.9618126e+04   0.000000e+00   0.000000e+00      0s

Solved in 2628 iterations and 0.09 seconds (0.13 work units)
Optimal objective  3.961812609e+04

Gurobi 9.5.2 (win64) logging started Tue Dec  5 17:10:57 2023

Set parameter LogFile to value "/Users/Andrew/OneDrive - GIST/Code/Graduation/PC_RGD_CCG_Mc/SP_dual_MILP_start_MIPFocus_0.log"
Set parameter Threads to value 1
Gurobi Optimizer version 9.5.2 build v9.5.2rc0 (win64)
Thread count: 8 physical cores, 16 logical processors, using up to 1 threads
Optimize a model with 13836 rows, 6058 columns and 41236 nonzeros
Model fingerprint: 0x74238655
Coefficient statistics:
  Matrix range     [1e-04, 1e+02]
  Objective range  [1e-04, 5e+02]
  Bounds range     [0e+00, 0e+00]
  RHS range        [5e-03, 3e+02]
Presolve removed 3822 rows and 220 columns
Presolve time: 0.01s
Presolved: 10014 rows, 6050 columns, 29881 nonzeros

Iteration    Objective       Primal Inf.    Dual Inf.      Time
       0      handle free variables                          0s
    2152    2.4768962e+04   0.000000e+00   0.000000e+00      0s

Solved in 2152 iterations and 0.06 seconds (0.09 work units)
Optimal objective  2.476896241e+04

Gurobi 9.5.2 (win64) logging started Thu Dec 14 00:18:06 2023

Set parameter LogFile to value "/Users/Andrew/OneDrive - GIST/Code/Graduation/PC_RGD_CCG_Mc_MIU/SP_dual_MILP_start_MIPFocus_0.log"
Set parameter Threads to value 1
Gurobi Optimizer version 9.5.2 build v9.5.2rc0 (win64)
Thread count: 8 physical cores, 16 logical processors, using up to 1 threads
Optimize a model with 13836 rows, 6058 columns and 41236 nonzeros
Model fingerprint: 0x28cbcb13
Coefficient statistics:
  Matrix range     [1e-04, 1e+02]
  Objective range  [1e-04, 5e+02]
  Bounds range     [1e+00, 1e+00]
  RHS range        [5e-03, 3e+02]
Presolve removed 3822 rows and 220 columns
Presolve time: 0.02s
Presolved: 10014 rows, 6050 columns, 29881 nonzeros

Iteration    Objective       Primal Inf.    Dual Inf.      Time
       0      handle free variables                          0s
    3190    2.3197225e+04   0.000000e+00   0.000000e+00      0s

Solved in 3190 iterations and 0.08 seconds (0.12 work units)
Optimal objective  2.319722531e+04

Gurobi 9.5.2 (win64) logging started Thu Dec 14 00:20:30 2023

Set parameter LogFile to value "/Users/Andrew/OneDrive - GIST/Code/Graduation/PC_RGD_CCG_Mc_MIU/SP_dual_MILP_start_MIPFocus_0.log"
Set parameter Threads to value 1
Gurobi Optimizer version 9.5.2 build v9.5.2rc0 (win64)
Thread count: 8 physical cores, 16 logical processors, using up to 1 threads
Optimize a model with 13836 rows, 6058 columns and 41236 nonzeros
Model fingerprint: 0x28cbcb13
Coefficient statistics:
  Matrix range     [1e-04, 1e+02]
  Objective range  [1e-04, 5e+02]
  Bounds range     [1e+00, 1e+00]
  RHS range        [5e-03, 3e+02]
Presolve removed 3822 rows and 220 columns
Presolve time: 0.01s
Presolved: 10014 rows, 6050 columns, 29881 nonzeros

Iteration    Objective       Primal Inf.    Dual Inf.      Time
       0      handle free variables                          0s
    3190    2.3197225e+04   0.000000e+00   0.000000e+00      0s

Solved in 3190 iterations and 0.07 seconds (0.12 work units)
Optimal objective  2.319722531e+04

Gurobi 9.5.2 (win64) logging started Thu Dec 14 00:26:03 2023

Set parameter LogFile to value "/Users/Andrew/OneDrive - GIST/Code/Graduation/PC_RGD_CCG_Mc_MIU/SP_dual_MILP_start_MIPFocus_0.log"
Set parameter Threads to value 1
Gurobi Optimizer version 9.5.2 build v9.5.2rc0 (win64)
Thread count: 8 physical cores, 16 logical processors, using up to 1 threads
Optimize a model with 13836 rows, 6058 columns and 41236 nonzeros
Model fingerprint: 0x44a070c0
Model has 864 quadratic constraints
Coefficient statistics:
  Matrix range     [1e-04, 1e+02]
  QMatrix range    [1e+00, 1e+00]
  Objective range  [1e-04, 5e+02]
  Bounds range     [1e+00, 1e+00]
  RHS range        [5e-03, 3e+02]
Presolve removed 2094 rows and 220 columns

Gurobi 9.5.2 (win64) logging started Thu Dec 14 01:14:18 2023

Set parameter LogFile to value "/Users/Andrew/OneDrive - GIST/Code/Graduation/PC_RGD_CCG_Mc_MIU/SP_dual_MILP_start_MIPFocus_0.log"
Set parameter Threads to value 1
Gurobi Optimizer version 9.5.2 build v9.5.2rc0 (win64)
Thread count: 8 physical cores, 16 logical processors, using up to 1 threads
Optimize a model with 18156 rows, 6922 columns and 50740 nonzeros
Model fingerprint: 0xfc4684f4
Variable types: 6058 continuous, 864 integer (864 binary)
Coefficient statistics:
  Matrix range     [1e-06, 1e+06]
  Objective range  [1e-04, 5e+02]
  Bounds range     [1e+00, 1e+00]
  RHS range        [5e-03, 1e+06]
Presolve removed 14607 rows and 3310 columns
Presolve time: 0.03s
Presolved: 3549 rows, 3612 columns, 10326 nonzeros
Variable types: 3612 continuous, 0 integer (0 binary)

Root relaxation: objective 2.076928e+04, 2366 iterations, 0.01 seconds (0.01 work units)

    Nodes    |    Current Node    |     Objective Bounds      |     Work
 Expl Unexpl |  Obj  Depth IntInf | Incumbent    BestBd   Gap | It/Node Time

*    0     0               0    20769.276146 20769.2761  0.00%     -    0s

Explored 1 nodes (2366 simplex iterations) in 0.06 seconds (0.07 work units)
Thread count was 1 (of 16 available processors)

Solution count 1: 20769.3 

Optimal solution found (tolerance 1.00e-04)
Best objective 2.076927614593e+04, best bound 2.076927614593e+04, gap 0.0000%

Gurobi 9.5.2 (win64) logging started Thu Dec 14 01:18:41 2023

Set parameter LogFile to value "/Users/Andrew/OneDrive - GIST/Code/Graduation/PC_RGD_CCG_Mc_MIU/SP_dual_MILP_start_MIPFocus_0.log"
Set parameter Threads to value 1
Gurobi Optimizer version 9.5.2 build v9.5.2rc0 (win64)
Thread count: 8 physical cores, 16 logical processors, using up to 1 threads
Optimize a model with 18156 rows, 6922 columns and 50740 nonzeros
Model fingerprint: 0xfc4684f4
Variable types: 6058 continuous, 864 integer (864 binary)
Coefficient statistics:
  Matrix range     [1e-06, 1e+06]
  Objective range  [1e-04, 5e+02]
  Bounds range     [1e+00, 1e+00]
  RHS range        [5e-03, 1e+06]
Presolve removed 14607 rows and 3310 columns
Presolve time: 0.04s
Presolved: 3549 rows, 3612 columns, 10326 nonzeros
Variable types: 3612 continuous, 0 integer (0 binary)

Root relaxation: objective 2.076928e+04, 2366 iterations, 0.01 seconds (0.01 work units)

    Nodes    |    Current Node    |     Objective Bounds      |     Work
 Expl Unexpl |  Obj  Depth IntInf | Incumbent    BestBd   Gap | It/Node Time

*    0     0               0    20769.276146 20769.2761  0.00%     -    0s

Explored 1 nodes (2366 simplex iterations) in 0.07 seconds (0.07 work units)
Thread count was 1 (of 16 available processors)

Solution count 1: 20769.3 

Optimal solution found (tolerance 1.00e-04)
Best objective 2.076927614593e+04, best bound 2.076927614593e+04, gap 0.0000%
